2017-10-02T01:33:49.253+0000 I CONTROL  [initandlisten] MongoDB starting : pid=4330 port=27017 dbpath=/var/lib/mongodb 64-bit host=ubuntu-1gb-fra1-01
2017-10-02T01:33:49.253+0000 I CONTROL  [initandlisten] db version v3.4.9
2017-10-02T01:33:49.253+0000 I CONTROL  [initandlisten] git version: 876ebee8c7dd0e2d992f36a848ff4dc50ee6603e
2017-10-02T01:33:49.253+0000 I CONTROL  [initandlisten] OpenSSL version: OpenSSL 1.0.2g  1 Mar 2016
2017-10-02T01:33:49.253+0000 I CONTROL  [initandlisten] allocator: tcmalloc
2017-10-02T01:33:49.253+0000 I CONTROL  [initandlisten] modules: none
2017-10-02T01:33:49.253+0000 I CONTROL  [initandlisten] build environment:
2017-10-02T01:33:49.253+0000 I CONTROL  [initandlisten]     distmod: ubuntu1604
2017-10-02T01:33:49.253+0000 I CONTROL  [initandlisten]     distarch: x86_64
2017-10-02T01:33:49.253+0000 I CONTROL  [initandlisten]     target_arch: x86_64
2017-10-02T01:33:49.253+0000 I CONTROL  [initandlisten] options: { config: "/etc/mongod.conf", net: { bindIp: "127.0.0.1", port: 27017 }, storage: { dbPath: "/var/lib/mongodb", journal: { enabled: true } }, systemLog: { destination: "file", logAppend: true, path: "/var/log/mongodb/mongod.log" } }
2017-10-02T01:33:49.285+0000 I STORAGE  [initandlisten] 
2017-10-02T01:33:49.285+0000 I STORAGE  [initandlisten] ** WARNING: Using the XFS filesystem is strongly recommended with the WiredTiger storage engine
2017-10-02T01:33:49.285+0000 I STORAGE  [initandlisten] **          See http://dochub.mongodb.org/core/prodnotes-filesystem
2017-10-02T01:33:49.285+0000 I STORAGE  [initandlisten] wiredtiger_open config: create,cache_size=256M,session_max=20000,eviction=(threads_min=4,threads_max=4),config_base=false,statistics=(fast),log=(enabled=true,archive=true,path=journal,compressor=snappy),file_manager=(close_idle_time=100000),checkpoint=(wait=60,log_size=2GB),statistics_log=(wait=0),
2017-10-02T01:33:49.325+0000 I CONTROL  [initandlisten] 
2017-10-02T01:33:49.325+0000 I CONTROL  [initandlisten] ** WARNING: Access control is not enabled for the database.
2017-10-02T01:33:49.325+0000 I CONTROL  [initandlisten] **          Read and write access to data and configuration is unrestricted.
2017-10-02T01:33:49.325+0000 I CONTROL  [initandlisten] 
2017-10-02T01:33:49.325+0000 I CONTROL  [initandlisten] 
2017-10-02T01:33:49.325+0000 I CONTROL  [initandlisten] ** WARNING: /sys/kernel/mm/transparent_hugepage/enabled is 'always'.
2017-10-02T01:33:49.325+0000 I CONTROL  [initandlisten] **        We suggest setting it to 'never'
2017-10-02T01:33:49.325+0000 I CONTROL  [initandlisten] 
2017-10-02T01:33:49.325+0000 I CONTROL  [initandlisten] ** WARNING: /sys/kernel/mm/transparent_hugepage/defrag is 'always'.
2017-10-02T01:33:49.325+0000 I CONTROL  [initandlisten] **        We suggest setting it to 'never'
2017-10-02T01:33:49.325+0000 I CONTROL  [initandlisten] 
2017-10-02T01:33:49.337+0000 I FTDC     [initandlisten] Initializing full-time diagnostic data capture with directory '/var/lib/mongodb/diagnostic.data'
2017-10-02T01:33:49.351+0000 I INDEX    [initandlisten] build index on: admin.system.version properties: { v: 2, key: { version: 1 }, name: "incompatible_with_version_32", ns: "admin.system.version" }
2017-10-02T01:33:49.351+0000 I INDEX    [initandlisten] 	 building index using bulk method; build may temporarily use up to 500 megabytes of RAM
2017-10-02T01:33:49.352+0000 I INDEX    [initandlisten] build index done.  scanned 0 total records. 0 secs
2017-10-02T01:33:49.352+0000 I COMMAND  [initandlisten] setting featureCompatibilityVersion to 3.4
2017-10-02T01:33:49.352+0000 I NETWORK  [thread1] waiting for connections on port 27017
